connectionpool.py: 2021-07-22 19:03:02,832 : urllib3.connectionpool : DEBUG : Starting new HTTPS connection (1): www.nbrb.by:443
connectionpool.py: 2021-07-22 19:03:03,363 : urllib3.connectionpool : DEBUG : https://www.nbrb.by:443 "GET /api/exrates/rates/?periodicity=0 HTTP/1.1" 200 4069
connectionpool.py: 2021-07-22 19:03:03,408 : urllib3.connectionpool : DEBUG : Starting new HTTPS connection (1): bank.gov.ua:443
connectionpool.py: 2021-07-22 19:03:03,509 : urllib3.connectionpool : DEBUG : https://bank.gov.ua:443 "GET /NBUStatService/v1/statdirectory/exchange?json HTTP/1.1" 200 None
connectionpool.py: 2021-07-22 19:03:03,521 : urllib3.connectionpool : DEBUG : Starting new HTTPS connection (1): api.telegram.org:443
connectionpool.py: 2021-07-22 19:03:03,745 : urllib3.connectionpool : DEBUG : https://api.telegram.org:443 "GET /bot1818081328:AAFAPDBGdpbhEN5qEgeI6uzaTZFxmaRxyGs/getUpdates HTTP/1.1" 200 860
connectionpool.py: 2021-07-22 19:03:03,751 : urllib3.connectionpool : DEBUG : Starting new HTTPS connection (1): api.telegram.org:443
connectionpool.py: 2021-07-22 19:03:03,919 : urllib3.connectionpool : DEBUG : https://api.telegram.org:443 "GET /bot1818081328:AAFAPDBGdpbhEN5qEgeI6uzaTZFxmaRxyGs/getUpdates HTTP/1.1" 200 860
connectionpool.py: 2021-07-22 19:03:03,928 : urllib3.connectionpool : DEBUG : Starting new HTTPS connection (1): api.telegram.org:443
connectionpool.py: 2021-07-22 19:03:04,101 : urllib3.connectionpool : DEBUG : https://api.telegram.org:443 "GET /bot1818081328:AAFAPDBGdpbhEN5qEgeI6uzaTZFxmaRxyGs/getUpdates HTTP/1.1" 200 860
connectionpool.py: 2021-07-22 19:03:04,112 : urllib3.connectionpool : DEBUG : Starting new HTTPS connection (1): api.telegram.org:443
connectionpool.py: 2021-07-22 19:03:04,297 : urllib3.connectionpool : DEBUG : https://api.telegram.org:443 "GET /bot1818081328:AAFAPDBGdpbhEN5qEgeI6uzaTZFxmaRxyGs/getUpdates HTTP/1.1" 200 860
connectionpool.py: 2021-07-22 19:03:04,311 : urllib3.connectionpool : DEBUG : Starting new HTTPS connection (1): api.telegram.org:443
connectionpool.py: 2021-07-22 19:03:04,500 : urllib3.connectionpool : DEBUG : https://api.telegram.org:443 "GET /bot1818081328:AAFAPDBGdpbhEN5qEgeI6uzaTZFxmaRxyGs/getUpdates HTTP/1.1" 200 860
connectionpool.py: 2021-07-22 19:03:04,513 : urllib3.connectionpool : DEBUG : Starting new HTTPS connection (1): api.telegram.org:443
connectionpool.py: 2021-07-22 19:03:04,706 : urllib3.connectionpool : DEBUG : https://api.telegram.org:443 "GET /bot1818081328:AAFAPDBGdpbhEN5qEgeI6uzaTZFxmaRxyGs/getUpdates HTTP/1.1" 200 860
connectionpool.py: 2021-07-22 19:03:04,709 : urllib3.connectionpool : DEBUG : Starting new HTTPS connection (1): api.telegram.org:443
connectionpool.py: 2021-07-22 19:03:04,896 : urllib3.connectionpool : DEBUG : https://api.telegram.org:443 "GET /bot1818081328:AAFAPDBGdpbhEN5qEgeI6uzaTZFxmaRxyGs/getUpdates HTTP/1.1" 200 860
connectionpool.py: 2021-07-22 19:03:04,903 : urllib3.connectionpool : DEBUG : Starting new HTTPS connection (1): api.telegram.org:443
connectionpool.py: 2021-07-22 19:03:05,088 : urllib3.connectionpool : DEBUG : https://api.telegram.org:443 "GET /bot1818081328:AAFAPDBGdpbhEN5qEgeI6uzaTZFxmaRxyGs/getUpdates HTTP/1.1" 200 860
connectionpool.py: 2021-07-22 19:03:05,092 : urllib3.connectionpool : DEBUG : Starting new HTTPS connection (1): api.telegram.org:443
connectionpool.py: 2021-07-22 19:03:05,259 : urllib3.connectionpool : DEBUG : https://api.telegram.org:443 "GET /bot1818081328:AAFAPDBGdpbhEN5qEgeI6uzaTZFxmaRxyGs/getUpdates HTTP/1.1" 200 860
connectionpool.py: 2021-07-22 19:03:05,271 : urllib3.connectionpool : DEBUG : Starting new HTTPS connection (1): api.telegram.org:443
connectionpool.py: 2021-07-22 19:03:05,433 : urllib3.connectionpool : DEBUG : https://api.telegram.org:443 "GET /bot1818081328:AAFAPDBGdpbhEN5qEgeI6uzaTZFxmaRxyGs/getUpdates HTTP/1.1" 200 860
connectionpool.py: 2021-07-22 19:03:05,439 : urllib3.connectionpool : DEBUG : Starting new HTTPS connection (1): api.telegram.org:443
connectionpool.py: 2021-07-22 19:03:05,612 : urllib3.connectionpool : DEBUG : https://api.telegram.org:443 "GET /bot1818081328:AAFAPDBGdpbhEN5qEgeI6uzaTZFxmaRxyGs/getUpdates HTTP/1.1" 200 860
connectionpool.py: 2021-07-22 19:03:05,628 : urllib3.connectionpool : DEBUG : Starting new HTTPS connection (1): api.telegram.org:443
connectionpool.py: 2021-07-22 19:03:05,800 : urllib3.connectionpool : DEBUG : https://api.telegram.org:443 "GET /bot1818081328:AAFAPDBGdpbhEN5qEgeI6uzaTZFxmaRxyGs/getUpdates HTTP/1.1" 200 860
connectionpool.py: 2021-07-22 19:03:05,814 : urllib3.connectionpool : DEBUG : Starting new HTTPS connection (1): api.telegram.org:443
connectionpool.py: 2021-07-22 19:03:05,987 : urllib3.connectionpool : DEBUG : https://api.telegram.org:443 "GET /bot1818081328:AAFAPDBGdpbhEN5qEgeI6uzaTZFxmaRxyGs/getUpdates HTTP/1.1" 200 860
connectionpool.py: 2021-07-22 19:03:05,994 : urllib3.connectionpool : DEBUG : Starting new HTTPS connection (1): api.telegram.org:443
connectionpool.py: 2021-07-22 19:03:06,163 : urllib3.connectionpool : DEBUG : https://api.telegram.org:443 "GET /bot1818081328:AAFAPDBGdpbhEN5qEgeI6uzaTZFxmaRxyGs/getUpdates HTTP/1.1" 200 860
connectionpool.py: 2021-07-22 19:03:06,176 : urllib3.connectionpool : DEBUG : Starting new HTTPS connection (1): api.telegram.org:443
connectionpool.py: 2021-07-22 19:03:06,353 : urllib3.connectionpool : DEBUG : https://api.telegram.org:443 "GET /bot1818081328:AAFAPDBGdpbhEN5qEgeI6uzaTZFxmaRxyGs/getUpdates HTTP/1.1" 200 860
connectionpool.py: 2021-07-22 19:03:06,358 : urllib3.connectionpool : DEBUG : Starting new HTTPS connection (1): api.telegram.org:443
connectionpool.py: 2021-07-22 19:03:06,536 : urllib3.connectionpool : DEBUG : https://api.telegram.org:443 "GET /bot1818081328:AAFAPDBGdpbhEN5qEgeI6uzaTZFxmaRxyGs/getUpdates HTTP/1.1" 200 860
connectionpool.py: 2021-07-22 19:03:06,542 : urllib3.connectionpool : DEBUG : Starting new HTTPS connection (1): api.telegram.org:443
connectionpool.py: 2021-07-22 19:03:06,713 : urllib3.connectionpool : DEBUG : https://api.telegram.org:443 "GET /bot1818081328:AAFAPDBGdpbhEN5qEgeI6uzaTZFxmaRxyGs/getUpdates HTTP/1.1" 200 860
connectionpool.py: 2021-07-22 19:03:06,720 : urllib3.connectionpool : DEBUG : Starting new HTTPS connection (1): api.telegram.org:443
connectionpool.py: 2021-07-22 19:03:06,897 : urllib3.connectionpool : DEBUG : https://api.telegram.org:443 "GET /bot1818081328:AAFAPDBGdpbhEN5qEgeI6uzaTZFxmaRxyGs/getUpdates HTTP/1.1" 200 860
connectionpool.py: 2021-07-22 19:03:06,905 : urllib3.connectionpool : DEBUG : Starting new HTTPS connection (1): api.telegram.org:443
connectionpool.py: 2021-07-22 19:03:07,070 : urllib3.connectionpool : DEBUG : https://api.telegram.org:443 "GET /bot1818081328:AAFAPDBGdpbhEN5qEgeI6uzaTZFxmaRxyGs/getUpdates HTTP/1.1" 200 860
connectionpool.py: 2021-07-22 19:03:07,077 : urllib3.connectionpool : DEBUG : Starting new HTTPS connection (1): api.telegram.org:443
connectionpool.py: 2021-07-22 19:03:07,258 : urllib3.connectionpool : DEBUG : https://api.telegram.org:443 "GET /bot1818081328:AAFAPDBGdpbhEN5qEgeI6uzaTZFxmaRxyGs/getUpdates HTTP/1.1" 200 860
connectionpool.py: 2021-07-22 19:03:07,272 : urllib3.connectionpool : DEBUG : Starting new HTTPS connection (1): api.telegram.org:443
connectionpool.py: 2021-07-22 19:03:07,443 : urllib3.connectionpool : DEBUG : https://api.telegram.org:443 "GET /bot1818081328:AAFAPDBGdpbhEN5qEgeI6uzaTZFxmaRxyGs/getUpdates HTTP/1.1" 200 860
connectionpool.py: 2021-07-22 19:03:07,451 : urllib3.connectionpool : DEBUG : Starting new HTTPS connection (1): api.telegram.org:443
connectionpool.py: 2021-07-22 19:03:07,626 : urllib3.connectionpool : DEBUG : https://api.telegram.org:443 "GET /bot1818081328:AAFAPDBGdpbhEN5qEgeI6uzaTZFxmaRxyGs/getUpdates HTTP/1.1" 200 860
connectionpool.py: 2021-07-22 19:03:07,630 : urllib3.connectionpool : DEBUG : Starting new HTTPS connection (1): api.telegram.org:443
connectionpool.py: 2021-07-22 19:03:07,811 : urllib3.connectionpool : DEBUG : https://api.telegram.org:443 "GET /bot1818081328:AAFAPDBGdpbhEN5qEgeI6uzaTZFxmaRxyGs/getUpdates HTTP/1.1" 200 860
connectionpool.py: 2021-07-22 19:03:07,825 : urllib3.connectionpool : DEBUG : Starting new HTTPS connection (1): api.telegram.org:443
connectionpool.py: 2021-07-22 19:03:08,004 : urllib3.connectionpool : DEBUG : https://api.telegram.org:443 "GET /bot1818081328:AAFAPDBGdpbhEN5qEgeI6uzaTZFxmaRxyGs/getUpdates HTTP/1.1" 200 860
connectionpool.py: 2021-07-22 19:03:08,013 : urllib3.connectionpool : DEBUG : Starting new HTTPS connection (1): api.telegram.org:443
connectionpool.py: 2021-07-22 19:03:08,181 : urllib3.connectionpool : DEBUG : https://api.telegram.org:443 "GET /bot1818081328:AAFAPDBGdpbhEN5qEgeI6uzaTZFxmaRxyGs/getUpdates HTTP/1.1" 200 860
connectionpool.py: 2021-07-22 19:03:08,188 : urllib3.connectionpool : DEBUG : Starting new HTTPS connection (1): api.telegram.org:443
connectionpool.py: 2021-07-22 19:03:08,397 : urllib3.connectionpool : DEBUG : https://api.telegram.org:443 "GET /bot1818081328:AAFAPDBGdpbhEN5qEgeI6uzaTZFxmaRxyGs/getUpdates HTTP/1.1" 200 860
connectionpool.py: 2021-07-22 19:03:08,408 : urllib3.connectionpool : DEBUG : Starting new HTTPS connection (1): api.telegram.org:443
connectionpool.py: 2021-07-22 19:03:08,583 : urllib3.connectionpool : DEBUG : https://api.telegram.org:443 "GET /bot1818081328:AAFAPDBGdpbhEN5qEgeI6uzaTZFxmaRxyGs/getUpdates HTTP/1.1" 200 860
connectionpool.py: 2021-07-22 19:03:08,591 : urllib3.connectionpool : DEBUG : Starting new HTTPS connection (1): api.telegram.org:443
connectionpool.py: 2021-07-22 19:03:08,781 : urllib3.connectionpool : DEBUG : https://api.telegram.org:443 "GET /bot1818081328:AAFAPDBGdpbhEN5qEgeI6uzaTZFxmaRxyGs/getUpdates HTTP/1.1" 200 860
connectionpool.py: 2021-07-22 19:03:08,795 : urllib3.connectionpool : DEBUG : Starting new HTTPS connection (1): api.telegram.org:443
connectionpool.py: 2021-07-22 19:03:08,967 : urllib3.connectionpool : DEBUG : https://api.telegram.org:443 "GET /bot1818081328:AAFAPDBGdpbhEN5qEgeI6uzaTZFxmaRxyGs/getUpdates HTTP/1.1" 200 860
connectionpool.py: 2021-07-22 19:03:08,974 : urllib3.connectionpool : DEBUG : Starting new HTTPS connection (1): api.telegram.org:443
connectionpool.py: 2021-07-22 19:03:09,156 : urllib3.connectionpool : DEBUG : https://api.telegram.org:443 "GET /bot1818081328:AAFAPDBGdpbhEN5qEgeI6uzaTZFxmaRxyGs/getUpdates HTTP/1.1" 200 860
connectionpool.py: 2021-07-22 19:03:09,162 : urllib3.connectionpool : DEBUG : Starting new HTTPS connection (1): api.telegram.org:443
connectionpool.py: 2021-07-22 19:03:09,332 : urllib3.connectionpool : DEBUG : https://api.telegram.org:443 "GET /bot1818081328:AAFAPDBGdpbhEN5qEgeI6uzaTZFxmaRxyGs/getUpdates HTTP/1.1" 200 860
connectionpool.py: 2021-07-22 19:03:09,339 : urllib3.connectionpool : DEBUG : Starting new HTTPS connection (1): api.telegram.org:443
connectionpool.py: 2021-07-22 19:03:09,505 : urllib3.connectionpool : DEBUG : https://api.telegram.org:443 "GET /bot1818081328:AAFAPDBGdpbhEN5qEgeI6uzaTZFxmaRxyGs/getUpdates HTTP/1.1" 200 860
connectionpool.py: 2021-07-22 19:03:09,520 : urllib3.connectionpool : DEBUG : Starting new HTTPS connection (1): api.telegram.org:443
connectionpool.py: 2021-07-22 19:03:09,712 : urllib3.connectionpool : DEBUG : https://api.telegram.org:443 "GET /bot1818081328:AAFAPDBGdpbhEN5qEgeI6uzaTZFxmaRxyGs/getUpdates HTTP/1.1" 200 860
connectionpool.py: 2021-07-22 19:03:09,721 : urllib3.connectionpool : DEBUG : Starting new HTTPS connection (1): api.telegram.org:443
connectionpool.py: 2021-07-22 19:03:09,894 : urllib3.connectionpool : DEBUG : https://api.telegram.org:443 "GET /bot1818081328:AAFAPDBGdpbhEN5qEgeI6uzaTZFxmaRxyGs/getUpdates HTTP/1.1" 200 860
connectionpool.py: 2021-07-22 19:03:09,909 : urllib3.connectionpool : DEBUG : Starting new HTTPS connection (1): api.telegram.org:443
connectionpool.py: 2021-07-22 19:03:10,075 : urllib3.connectionpool : DEBUG : https://api.telegram.org:443 "GET /bot1818081328:AAFAPDBGdpbhEN5qEgeI6uzaTZFxmaRxyGs/getUpdates HTTP/1.1" 200 860
connectionpool.py: 2021-07-22 19:03:10,080 : urllib3.connectionpool : DEBUG : Starting new HTTPS connection (1): api.telegram.org:443
connectionpool.py: 2021-07-22 19:03:10,260 : urllib3.connectionpool : DEBUG : https://api.telegram.org:443 "GET /bot1818081328:AAFAPDBGdpbhEN5qEgeI6uzaTZFxmaRxyGs/getUpdates HTTP/1.1" 200 860
connectionpool.py: 2021-07-22 19:03:10,263 : urllib3.connectionpool : DEBUG : Starting new HTTPS connection (1): api.telegram.org:443
connectionpool.py: 2021-07-22 19:03:10,438 : urllib3.connectionpool : DEBUG : https://api.telegram.org:443 "GET /bot1818081328:AAFAPDBGdpbhEN5qEgeI6uzaTZFxmaRxyGs/getUpdates HTTP/1.1" 200 860
connectionpool.py: 2021-07-22 19:03:10,445 : urllib3.connectionpool : DEBUG : Starting new HTTPS connection (1): api.telegram.org:443
connectionpool.py: 2021-07-22 19:03:10,611 : urllib3.connectionpool : DEBUG : https://api.telegram.org:443 "GET /bot1818081328:AAFAPDBGdpbhEN5qEgeI6uzaTZFxmaRxyGs/getUpdates HTTP/1.1" 200 860
connectionpool.py: 2021-07-22 19:03:10,625 : urllib3.connectionpool : DEBUG : Starting new HTTPS connection (1): api.telegram.org:443
connectionpool.py: 2021-07-22 19:03:10,790 : urllib3.connectionpool : DEBUG : https://api.telegram.org:443 "GET /bot1818081328:AAFAPDBGdpbhEN5qEgeI6uzaTZFxmaRxyGs/getUpdates HTTP/1.1" 200 860
connectionpool.py: 2021-07-22 19:03:10,794 : urllib3.connectionpool : DEBUG : Starting new HTTPS connection (1): api.telegram.org:443
connectionpool.py: 2021-07-22 19:03:10,970 : urllib3.connectionpool : DEBUG : https://api.telegram.org:443 "GET /bot1818081328:AAFAPDBGdpbhEN5qEgeI6uzaTZFxmaRxyGs/getUpdates HTTP/1.1" 200 860
connectionpool.py: 2021-07-22 19:03:10,975 : urllib3.connectionpool : DEBUG : Starting new HTTPS connection (1): api.telegram.org:443
connectionpool.py: 2021-07-22 19:03:11,143 : urllib3.connectionpool : DEBUG : https://api.telegram.org:443 "GET /bot1818081328:AAFAPDBGdpbhEN5qEgeI6uzaTZFxmaRxyGs/getUpdates HTTP/1.1" 200 860
connectionpool.py: 2021-07-22 19:03:11,152 : urllib3.connectionpool : DEBUG : Starting new HTTPS connection (1): api.telegram.org:443
connectionpool.py: 2021-07-22 19:03:11,337 : urllib3.connectionpool : DEBUG : https://api.telegram.org:443 "GET /bot1818081328:AAFAPDBGdpbhEN5qEgeI6uzaTZFxmaRxyGs/getUpdates HTTP/1.1" 200 860
connectionpool.py: 2021-07-22 19:03:11,351 : urllib3.connectionpool : DEBUG : Starting new HTTPS connection (1): api.telegram.org:443
connectionpool.py: 2021-07-22 19:03:11,530 : urllib3.connectionpool : DEBUG : https://api.telegram.org:443 "GET /bot1818081328:AAFAPDBGdpbhEN5qEgeI6uzaTZFxmaRxyGs/getUpdates HTTP/1.1" 200 860
connectionpool.py: 2021-07-22 19:03:11,536 : urllib3.connectionpool : DEBUG : Starting new HTTPS connection (1): api.telegram.org:443
connectionpool.py: 2021-07-22 19:03:11,699 : urllib3.connectionpool : DEBUG : https://api.telegram.org:443 "GET /bot1818081328:AAFAPDBGdpbhEN5qEgeI6uzaTZFxmaRxyGs/getUpdates HTTP/1.1" 200 860
connectionpool.py: 2021-07-22 19:03:11,707 : urllib3.connectionpool : DEBUG : Starting new HTTPS connection (1): api.telegram.org:443
connectionpool.py: 2021-07-22 19:03:11,888 : urllib3.connectionpool : DEBUG : https://api.telegram.org:443 "GET /bot1818081328:AAFAPDBGdpbhEN5qEgeI6uzaTZFxmaRxyGs/getUpdates HTTP/1.1" 200 860
connectionpool.py: 2021-07-22 19:03:11,895 : urllib3.connectionpool : DEBUG : Starting new HTTPS connection (1): api.telegram.org:443
connectionpool.py: 2021-07-22 19:03:12,070 : urllib3.connectionpool : DEBUG : https://api.telegram.org:443 "GET /bot1818081328:AAFAPDBGdpbhEN5qEgeI6uzaTZFxmaRxyGs/getUpdates HTTP/1.1" 200 860
connectionpool.py: 2021-07-22 19:03:12,087 : urllib3.connectionpool : DEBUG : Starting new HTTPS connection (1): api.telegram.org:443
connectionpool.py: 2021-07-22 19:03:12,263 : urllib3.connectionpool : DEBUG : https://api.telegram.org:443 "GET /bot1818081328:AAFAPDBGdpbhEN5qEgeI6uzaTZFxmaRxyGs/getUpdates HTTP/1.1" 200 860
connectionpool.py: 2021-07-22 19:03:12,270 : urllib3.connectionpool : DEBUG : Starting new HTTPS connection (1): api.telegram.org:443
connectionpool.py: 2021-07-22 19:03:12,449 : urllib3.connectionpool : DEBUG : https://api.telegram.org:443 "GET /bot1818081328:AAFAPDBGdpbhEN5qEgeI6uzaTZFxmaRxyGs/getUpdates HTTP/1.1" 200 860
connectionpool.py: 2021-07-22 19:03:12,454 : urllib3.connectionpool : DEBUG : Starting new HTTPS connection (1): api.telegram.org:443
connectionpool.py: 2021-07-22 19:03:12,634 : urllib3.connectionpool : DEBUG : https://api.telegram.org:443 "GET /bot1818081328:AAFAPDBGdpbhEN5qEgeI6uzaTZFxmaRxyGs/getUpdates HTTP/1.1" 200 860
connectionpool.py: 2021-07-22 19:03:12,642 : urllib3.connectionpool : DEBUG : Starting new HTTPS connection (1): api.telegram.org:443
connectionpool.py: 2021-07-22 19:03:12,814 : urllib3.connectionpool : DEBUG : https://api.telegram.org:443 "GET /bot1818081328:AAFAPDBGdpbhEN5qEgeI6uzaTZFxmaRxyGs/getUpdates HTTP/1.1" 200 860
connectionpool.py: 2021-07-22 19:03:12,827 : urllib3.connectionpool : DEBUG : Starting new HTTPS connection (1): api.telegram.org:443
connectionpool.py: 2021-07-22 19:03:12,992 : urllib3.connectionpool : DEBUG : https://api.telegram.org:443 "GET /bot1818081328:AAFAPDBGdpbhEN5qEgeI6uzaTZFxmaRxyGs/getUpdates HTTP/1.1" 200 860
connectionpool.py: 2021-07-22 19:03:12,997 : urllib3.connectionpool : DEBUG : Starting new HTTPS connection (1): api.telegram.org:443
connectionpool.py: 2021-07-22 19:03:13,175 : urllib3.connectionpool : DEBUG : https://api.telegram.org:443 "GET /bot1818081328:AAFAPDBGdpbhEN5qEgeI6uzaTZFxmaRxyGs/getUpdates HTTP/1.1" 200 860
connectionpool.py: 2021-07-22 19:03:13,183 : urllib3.connectionpool : DEBUG : Starting new HTTPS connection (1): api.telegram.org:443
connectionpool.py: 2021-07-22 19:03:13,351 : urllib3.connectionpool : DEBUG : https://api.telegram.org:443 "GET /bot1818081328:AAFAPDBGdpbhEN5qEgeI6uzaTZFxmaRxyGs/getUpdates HTTP/1.1" 200 860
connectionpool.py: 2021-07-22 19:03:13,358 : urllib3.connectionpool : DEBUG : Starting new HTTPS connection (1): api.telegram.org:443
connectionpool.py: 2021-07-22 19:03:13,545 : urllib3.connectionpool : DEBUG : https://api.telegram.org:443 "GET /bot1818081328:AAFAPDBGdpbhEN5qEgeI6uzaTZFxmaRxyGs/getUpdates HTTP/1.1" 200 860
connectionpool.py: 2021-07-22 19:03:13,561 : urllib3.connectionpool : DEBUG : Starting new HTTPS connection (1): api.telegram.org:443
connectionpool.py: 2021-07-22 19:03:13,742 : urllib3.connectionpool : DEBUG : https://api.telegram.org:443 "GET /bot1818081328:AAFAPDBGdpbhEN5qEgeI6uzaTZFxmaRxyGs/getUpdates HTTP/1.1" 200 860
connectionpool.py: 2021-07-22 19:03:13,754 : urllib3.connectionpool : DEBUG : Starting new HTTPS connection (1): api.telegram.org:443
connectionpool.py: 2021-07-22 19:03:13,919 : urllib3.connectionpool : DEBUG : https://api.telegram.org:443 "GET /bot1818081328:AAFAPDBGdpbhEN5qEgeI6uzaTZFxmaRxyGs/getUpdates HTTP/1.1" 200 860
connectionpool.py: 2021-07-22 19:03:13,925 : urllib3.connectionpool : DEBUG : Starting new HTTPS connection (1): api.telegram.org:443
connectionpool.py: 2021-07-22 19:03:25,551 : urllib3.connectionpool : DEBUG : Starting new HTTPS connection (1): www.nbrb.by:443
connectionpool.py: 2021-07-22 19:03:25,792 : urllib3.connectionpool : DEBUG : https://www.nbrb.by:443 "GET /api/exrates/rates/?periodicity=0 HTTP/1.1" 200 4069
connectionpool.py: 2021-07-22 19:03:25,836 : urllib3.connectionpool : DEBUG : Starting new HTTPS connection (1): bank.gov.ua:443
connectionpool.py: 2021-07-22 19:03:25,946 : urllib3.connectionpool : DEBUG : https://bank.gov.ua:443 "GET /NBUStatService/v1/statdirectory/exchange?json HTTP/1.1" 200 None
connectionpool.py: 2021-07-22 19:03:25,957 : urllib3.connectionpool : DEBUG : Starting new HTTPS connection (1): api.telegram.org:443
connectionpool.py: 2021-07-22 19:03:26,123 : urllib3.connectionpool : DEBUG : https://api.telegram.org:443 "GET /bot1818081328:AAFAPDBGdpbhEN5qEgeI6uzaTZFxmaRxyGs/getUpdates HTTP/1.1" 200 860
connectionpool.py: 2021-07-22 19:03:26,133 : urllib3.connectionpool : DEBUG : Starting new HTTPS connection (1): api.telegram.org:443
connectionpool.py: 2021-07-22 19:03:26,305 : urllib3.connectionpool : DEBUG : https://api.telegram.org:443 "GET /bot1818081328:AAFAPDBGdpbhEN5qEgeI6uzaTZFxmaRxyGs/getUpdates HTTP/1.1" 200 860
connectionpool.py: 2021-07-22 19:03:26,314 : urllib3.connectionpool : DEBUG : Starting new HTTPS connection (1): api.telegram.org:443
connectionpool.py: 2021-07-22 19:03:26,487 : urllib3.connectionpool : DEBUG : https://api.telegram.org:443 "GET /bot1818081328:AAFAPDBGdpbhEN5qEgeI6uzaTZFxmaRxyGs/getUpdates HTTP/1.1" 200 860
connectionpool.py: 2021-07-22 19:03:26,494 : urllib3.connectionpool : DEBUG : Starting new HTTPS connection (1): api.telegram.org:443
connectionpool.py: 2021-07-22 19:03:26,658 : urllib3.connectionpool : DEBUG : https://api.telegram.org:443 "GET /bot1818081328:AAFAPDBGdpbhEN5qEgeI6uzaTZFxmaRxyGs/getUpdates HTTP/1.1" 200 860
connectionpool.py: 2021-07-22 19:03:26,664 : urllib3.connectionpool : DEBUG : Starting new HTTPS connection (1): api.telegram.org:443
connectionpool.py: 2021-07-22 19:03:26,840 : urllib3.connectionpool : DEBUG : https://api.telegram.org:443 "GET /bot1818081328:AAFAPDBGdpbhEN5qEgeI6uzaTZFxmaRxyGs/getUpdates HTTP/1.1" 200 860
connectionpool.py: 2021-07-22 19:03:26,855 : urllib3.connectionpool : DEBUG : Starting new HTTPS connection (1): api.telegram.org:443
connectionpool.py: 2021-07-22 19:03:27,025 : urllib3.connectionpool : DEBUG : https://api.telegram.org:443 "GET /bot1818081328:AAFAPDBGdpbhEN5qEgeI6uzaTZFxmaRxyGs/getUpdates HTTP/1.1" 200 860
connectionpool.py: 2021-07-22 19:03:27,038 : urllib3.connectionpool : DEBUG : Starting new HTTPS connection (1): api.telegram.org:443
connectionpool.py: 2021-07-22 19:03:27,219 : urllib3.connectionpool : DEBUG : https://api.telegram.org:443 "GET /bot1818081328:AAFAPDBGdpbhEN5qEgeI6uzaTZFxmaRxyGs/getUpdates HTTP/1.1" 200 860
connectionpool.py: 2021-07-22 19:03:27,230 : urllib3.connectionpool : DEBUG : Starting new HTTPS connection (1): api.telegram.org:443
connectionpool.py: 2021-07-22 19:03:27,418 : urllib3.connectionpool : DEBUG : https://api.telegram.org:443 "GET /bot1818081328:AAFAPDBGdpbhEN5qEgeI6uzaTZFxmaRxyGs/getUpdates HTTP/1.1" 200 860
connectionpool.py: 2021-07-22 19:03:27,424 : urllib3.connectionpool : DEBUG : Starting new HTTPS connection (1): api.telegram.org:443
connectionpool.py: 2021-07-22 19:03:27,613 : urllib3.connectionpool : DEBUG : https://api.telegram.org:443 "GET /bot1818081328:AAFAPDBGdpbhEN5qEgeI6uzaTZFxmaRxyGs/getUpdates HTTP/1.1" 200 860
connectionpool.py: 2021-07-22 19:03:27,619 : urllib3.connectionpool : DEBUG : Starting new HTTPS connection (1): api.telegram.org:443
connectionpool.py: 2021-07-22 19:03:27,806 : urllib3.connectionpool : DEBUG : https://api.telegram.org:443 "GET /bot1818081328:AAFAPDBGdpbhEN5qEgeI6uzaTZFxmaRxyGs/getUpdates HTTP/1.1" 200 860
connectionpool.py: 2021-07-22 19:03:27,822 : urllib3.connectionpool : DEBUG : Starting new HTTPS connection (1): api.telegram.org:443
connectionpool.py: 2021-07-22 19:03:27,999 : urllib3.connectionpool : DEBUG : https://api.telegram.org:443 "GET /bot1818081328:AAFAPDBGdpbhEN5qEgeI6uzaTZFxmaRxyGs/getUpdates HTTP/1.1" 200 860
connectionpool.py: 2021-07-22 19:03:28,007 : urllib3.connectionpool : DEBUG : Starting new HTTPS connection (1): api.telegram.org:443
connectionpool.py: 2021-07-22 19:03:28,198 : urllib3.connectionpool : DEBUG : https://api.telegram.org:443 "GET /bot1818081328:AAFAPDBGdpbhEN5qEgeI6uzaTZFxmaRxyGs/getUpdates HTTP/1.1" 200 860
connectionpool.py: 2021-07-22 19:03:28,207 : urllib3.connectionpool : DEBUG : Starting new HTTPS connection (1): api.telegram.org:443
connectionpool.py: 2021-07-22 19:03:28,384 : urllib3.connectionpool : DEBUG : https://api.telegram.org:443 "GET /bot1818081328:AAFAPDBGdpbhEN5qEgeI6uzaTZFxmaRxyGs/getUpdates HTTP/1.1" 200 860
connectionpool.py: 2021-07-22 19:03:28,392 : urllib3.connectionpool : DEBUG : Starting new HTTPS connection (1): api.telegram.org:443
connectionpool.py: 2021-07-22 19:03:28,559 : urllib3.connectionpool : DEBUG : https://api.telegram.org:443 "GET /bot1818081328:AAFAPDBGdpbhEN5qEgeI6uzaTZFxmaRxyGs/getUpdates HTTP/1.1" 200 860
connectionpool.py: 2021-07-22 19:03:28,563 : urllib3.connectionpool : DEBUG : Starting new HTTPS connection (1): api.telegram.org:443
connectionpool.py: 2021-07-22 19:03:28,749 : urllib3.connectionpool : DEBUG : https://api.telegram.org:443 "GET /bot1818081328:AAFAPDBGdpbhEN5qEgeI6uzaTZFxmaRxyGs/getUpdates HTTP/1.1" 200 860
connectionpool.py: 2021-07-22 19:03:28,756 : urllib3.connectionpool : DEBUG : Starting new HTTPS connection (1): api.telegram.org:443
connectionpool.py: 2021-07-22 19:03:28,922 : urllib3.connectionpool : DEBUG : https://api.telegram.org:443 "GET /bot1818081328:AAFAPDBGdpbhEN5qEgeI6uzaTZFxmaRxyGs/getUpdates HTTP/1.1" 200 860
connectionpool.py: 2021-07-22 19:03:28,932 : urllib3.connectionpool : DEBUG : Starting new HTTPS connection (1): api.telegram.org:443
connectionpool.py: 2021-07-22 19:03:29,116 : urllib3.connectionpool : DEBUG : https://api.telegram.org:443 "GET /bot1818081328:AAFAPDBGdpbhEN5qEgeI6uzaTZFxmaRxyGs/getUpdates HTTP/1.1" 200 860
connectionpool.py: 2021-07-22 19:03:29,121 : urllib3.connectionpool : DEBUG : Starting new HTTPS connection (1): api.telegram.org:443
connectionpool.py: 2021-07-22 19:03:29,296 : urllib3.connectionpool : DEBUG : https://api.telegram.org:443 "GET /bot1818081328:AAFAPDBGdpbhEN5qEgeI6uzaTZFxmaRxyGs/getUpdates HTTP/1.1" 200 860
connectionpool.py: 2021-07-22 19:03:29,303 : urllib3.connectionpool : DEBUG : Starting new HTTPS connection (1): api.telegram.org:443
connectionpool.py: 2021-07-22 19:03:29,472 : urllib3.connectionpool : DEBUG : https://api.telegram.org:443 "GET /bot1818081328:AAFAPDBGdpbhEN5qEgeI6uzaTZFxmaRxyGs/getUpdates HTTP/1.1" 200 860
connectionpool.py: 2021-07-22 19:03:29,476 : urllib3.connectionpool : DEBUG : Starting new HTTPS connection (1): api.telegram.org:443
connectionpool.py: 2021-07-22 19:03:29,647 : urllib3.connectionpool : DEBUG : https://api.telegram.org:443 "GET /bot1818081328:AAFAPDBGdpbhEN5qEgeI6uzaTZFxmaRxyGs/getUpdates HTTP/1.1" 200 860
connectionpool.py: 2021-07-22 19:03:29,657 : urllib3.connectionpool : DEBUG : Starting new HTTPS connection (1): api.telegram.org:443
connectionpool.py: 2021-07-22 19:03:29,831 : urllib3.connectionpool : DEBUG : https://api.telegram.org:443 "GET /bot1818081328:AAFAPDBGdpbhEN5qEgeI6uzaTZFxmaRxyGs/getUpdates HTTP/1.1" 200 860
connectionpool.py: 2021-07-22 19:03:29,837 : urllib3.connectionpool : DEBUG : Starting new HTTPS connection (1): api.telegram.org:443
connectionpool.py: 2021-07-22 19:03:29,998 : urllib3.connectionpool : DEBUG : https://api.telegram.org:443 "GET /bot1818081328:AAFAPDBGdpbhEN5qEgeI6uzaTZFxmaRxyGs/getUpdates HTTP/1.1" 200 860
connectionpool.py: 2021-07-22 19:03:30,012 : urllib3.connectionpool : DEBUG : Starting new HTTPS connection (1): api.telegram.org:443
connectionpool.py: 2021-07-22 19:03:30,188 : urllib3.connectionpool : DEBUG : https://api.telegram.org:443 "GET /bot1818081328:AAFAPDBGdpbhEN5qEgeI6uzaTZFxmaRxyGs/getUpdates HTTP/1.1" 200 860
connectionpool.py: 2021-07-22 19:03:30,199 : urllib3.connectionpool : DEBUG : Starting new HTTPS connection (1): api.telegram.org:443
connectionpool.py: 2021-07-22 19:03:30,369 : urllib3.connectionpool : DEBUG : https://api.telegram.org:443 "GET /bot1818081328:AAFAPDBGdpbhEN5qEgeI6uzaTZFxmaRxyGs/getUpdates HTTP/1.1" 200 860
connectionpool.py: 2021-07-22 19:03:30,374 : urllib3.connectionpool : DEBUG : Starting new HTTPS connection (1): api.telegram.org:443
